<<<<<<< HEAD
[ 02:24:17 13.Oct.2021 ] 
 ----Warning---- 
 [test] 
 
[ 02:24:21 13.Oct.2021 ] 
=======
[ 02:59:29 13.Oct.2021 ] 
 ----Warning---- 
 [test] 
 
[ 02:59:30 13.Oct.2021 ] 
 ----Warning---- 
 [test] 
 
[ 02:59:31 13.Oct.2021 ] 
 ----Warning---- 
 [test] 
 
[ 02:59:39 13.Oct.2021 ] 
 ----Warning---- 
 [test] 
 
[ 02:59:40 13.Oct.2021 ] 
 ----Warning---- 
 [test] 
 
[ 02:59:41 13.Oct.2021 ] 
 ----Warning---- 
 [test] 
 
[ 02:59:41 13.Oct.2021 ] 
 ----Warning---- 
 [test] 
 
[ 02:59:51 13.Oct.2021 ] 
>>>>>>> 9f324c3a63a19c8fcd8ea8e79e712b93c27e34bd
 ----Warning---- 
 [test] 
 
